<?xml version="1.0" encoding="UTF-8"?>
<!-- Generated by org.testng.reporters.JUnitReportReporter -->
<testsuite hostname="PANINI18" failures="0" tests="1" name="Cherpsystem.cherpsystem.TBNJInvoicerratemaster" time="88.576" errors="0" timestamp="2025-02-24T14:57:24 IST" skipped="0">
  <testcase classname="Cherpsystem.cherpsystem.TBNJInvoicerratemaster" name="loginTest" time="88.576"/>
  <system-out/>
</testsuite> <!-- Cherpsystem.cherpsystem.TBNJInvoicerratemaster -->
