<?xml version="1.0" encoding="UTF-8"?>
<!-- Generated by org.testng.reporters.JUnitReportReporter -->
<testsuite hostname="PANINI18" failures="0" tests="1" name="Cherpsystem.cherpsystem.MilleageRate" time="19.788" errors="0" timestamp="2025-02-10T15:20:40 IST" skipped="0">
  <testcase classname="Cherpsystem.cherpsystem.MilleageRate" name="loginTest" time="19.788"/>
  <system-out/>
</testsuite> <!-- Cherpsystem.cherpsystem.MilleageRate -->
