<?xml version="1.0" encoding="UTF-8"?>
<!-- Generated by org.testng.reporters.JUnitReportReporter -->
<testsuite hostname="PANINI18" failures="0" tests="1" name="Cherpsystem.cherpsystem.Accountmaster" time="47.929" errors="0" timestamp="2025-02-10T16:07:54 IST" skipped="0">
  <testcase classname="Cherpsystem.cherpsystem.Accountmaster" name="loginTest" time="47.929"/>
  <system-out/>
</testsuite> <!-- Cherpsystem.cherpsystem.Accountmaster -->
