<?xml version="1.0" encoding="UTF-8"?>
<!-- Generated by org.testng.reporters.JUnitReportReporter -->
<testsuite hostname="PANINI18" failures="0" tests="1" name="Cherpsystem.cherpsystem.Payrolldata" time="64.196" errors="0" timestamp="2025-02-17T15:39:57 IST" skipped="0">
  <testcase classname="Cherpsystem.cherpsystem.Payrolldata" name="loginTest" time="64.196"/>
  <system-out/>
</testsuite> <!-- Cherpsystem.cherpsystem.Payrolldata -->
