<?xml version="1.0" encoding="UTF-8"?>
<!-- Generated by org.testng.reporters.JUnitReportReporter -->
<testsuite hostname="PANINI18" failures="0" tests="1" name="Cherpsystem.cherpsystem.MonthlyInvoicesLog" time="53.699" errors="0" timestamp="2025-04-11T11:51:24 IST" skipped="0">
  <testcase classname="Cherpsystem.cherpsystem.MonthlyInvoicesLog" name="loginTest" time="53.699"/>
  <system-out/>
</testsuite> <!-- Cherpsystem.cherpsystem.MonthlyInvoicesLog -->
