<?xml version="1.0" encoding="UTF-8"?>
<!-- Generated by org.testng.reporters.JUnitReportReporter -->
<testsuite hostname="PANINI18" failures="0" tests="2" name="Cherpsystem.cherpsystem.Facilitycontract" time="152.209" errors="0" timestamp="2025-01-21T17:41:32 IST" skipped="1">
  <testcase classname="Cherpsystem.cherpsystem.Facilitycontract" name="Addnew" time="152.209"/>
  <system-out/>
  <testcase classname="Cherpsystem.cherpsystem.Facilitycontract" name="Facilitycontracttest">
    <skipped/>
  </testcase> <!-- Facilitycontracttest -->
  <system-out/>
</testsuite> <!-- Cherpsystem.cherpsystem.Facilitycontract -->
