<?xml version="1.0" encoding="UTF-8"?>
<!-- Generated by org.testng.reporters.JUnitReportReporter -->
<testsuite hostname="PANINI18" failures="0" tests="1" name="Cherpsystem.cherpsystem.MonthlyMiscellaneousRevenue" time="73.961" errors="0" timestamp="2025-04-11T12:40:19 IST" skipped="0">
  <testcase classname="Cherpsystem.cherpsystem.MonthlyMiscellaneousRevenue" name="loginTest" time="73.961"/>
  <system-out/>
</testsuite> <!-- Cherpsystem.cherpsystem.MonthlyMiscellaneousRevenue -->
