<?xml version="1.0" encoding="UTF-8"?>
<!-- Generated by org.testng.reporters.JUnitReportReporter -->
<testsuite hostname="PANINI18" failures="0" tests="1" name="Cherpsystem.cherpsystem.Pharmacydrugmaster" time="126.674" errors="0" timestamp="2025-02-19T15:15:18 IST" skipped="0">
  <testcase classname="Cherpsystem.cherpsystem.Pharmacydrugmaster" name="loginTest" time="126.674"/>
  <system-out/>
</testsuite> <!-- Cherpsystem.cherpsystem.Pharmacydrugmaster -->
