<?xml version="1.0" encoding="UTF-8"?>
<!-- Generated by org.testng.reporters.JUnitReportReporter -->
<testsuite hostname="PANINI18" failures="0" tests="2" name="Cherpsystem.cherpsystem.UNUMReconciliationreport" time="91.333" errors="0" timestamp="2025-03-20T15:05:20 IST" skipped="1">
  <testcase classname="Cherpsystem.cherpsystem.UNUMReconciliationreport" name="unumrecon" time="91.333"/>
  <system-out/>
  <testcase classname="Cherpsystem.cherpsystem.UNUMReconciliationreport" name="loginTest">
    <skipped/>
  </testcase> <!-- loginTest -->
  <system-out/>
</testsuite> <!-- Cherpsystem.cherpsystem.UNUMReconciliationreport -->
