<?xml version="1.0" encoding="UTF-8"?>
<!-- Generated by org.testng.reporters.JUnitReportReporter -->
<testsuite hostname="PANINI18" failures="0" tests="1" name="Cherpsystem.cherpsystem.BCBSDetailedreport" time="20.554" errors="0" timestamp="2025-03-21T13:21:39 IST" skipped="0">
  <testcase classname="Cherpsystem.cherpsystem.BCBSDetailedreport" name="loginTest" time="20.554"/>
  <system-out/>
</testsuite> <!-- Cherpsystem.cherpsystem.BCBSDetailedreport -->
