<?xml version="1.0" encoding="UTF-8"?>
<!-- Generated by org.testng.reporters.JUnitReportReporter -->
<testsuite hostname="PANINI18" failures="0" tests="2" name="Cherpsystem.cherpsystem.Pharmacystatement" time="66.599" errors="0" timestamp="2025-02-20T17:05:07 IST" skipped="1">
  <testcase classname="Cherpsystem.cherpsystem.Pharmacystatement" name="Tablefunction" time="66.599"/>
  <system-out/>
  <testcase classname="Cherpsystem.cherpsystem.Pharmacystatement" name="loginTest">
    <skipped/>
  </testcase> <!-- loginTest -->
  <system-out/>
</testsuite> <!-- Cherpsystem.cherpsystem.Pharmacystatement -->
