<?xml version="1.0" encoding="UTF-8"?>
<!-- Generated by org.testng.reporters.JUnitReportReporter -->
<testsuite hostname="PANINI18" failures="0" tests="1" name="Cherpsystem.cherpsystem.AccountBalanceDetails" time="93.222" errors="0" timestamp="2025-03-06T16:08:03 IST" skipped="0">
  <testcase classname="Cherpsystem.cherpsystem.AccountBalanceDetails" name="loginTest" time="93.222"/>
  <system-out/>
</testsuite> <!-- Cherpsystem.cherpsystem.AccountBalanceDetails -->
