<?xml version="1.0" encoding="UTF-8"?>
<!-- Generated by org.testng.reporters.JUnitReportReporter -->
<testsuite hostname="PANINI18" failures="0" tests="2" name="Cherpsystem.cherpsystem.Useraccounts" time="120.449" errors="0" timestamp="2025-01-28T16:27:52 IST" skipped="1">
  <testcase classname="Cherpsystem.cherpsystem.Useraccounts" name="Createuser" time="120.449"/>
  <system-out/>
  <testcase classname="Cherpsystem.cherpsystem.Useraccounts" name="loginTest">
    <skipped/>
  </testcase> <!-- loginTest -->
  <system-out/>
</testsuite> <!-- Cherpsystem.cherpsystem.Useraccounts -->
