<?xml version="1.0" encoding="UTF-8"?>
<!-- Generated by org.testng.reporters.JUnitReportReporter -->
<testsuite hostname="PANINI18" failures="0" tests="1" name="Cherpsystem.cherpsystem.PharmacyInvoiceReport" time="31.578" errors="0" timestamp="2025-04-17T14:59:48 IST" skipped="0">
  <testcase classname="Cherpsystem.cherpsystem.PharmacyInvoiceReport" name="loginTest" time="31.578"/>
  <system-out/>
</testsuite> <!-- Cherpsystem.cherpsystem.PharmacyInvoiceReport -->
