<?xml version="1.0" encoding="UTF-8"?>
<!-- Generated by org.testng.reporters.JUnitReportReporter -->
<testsuite hostname="PANINI18" failures="0" tests="1" name="Cherpsystem.cherpsystem.ReimbursementForm" time="83.200" errors="0" timestamp="2025-02-11T18:04:12 IST" skipped="0">
  <testcase classname="Cherpsystem.cherpsystem.ReimbursementForm" name="loginTest" time="83.200"/>
  <system-out/>
</testsuite> <!-- Cherpsystem.cherpsystem.ReimbursementForm -->
