<?xml version="1.0" encoding="UTF-8"?>
<!-- Generated by org.testng.reporters.JUnitReportReporter -->
<testsuite hostname="PANINI18" failures="0" tests="1" name="Cherpsystem.cherpsystem.SNUinvoiceratemaster" time="39.434" errors="0" timestamp="2025-02-26T14:37:57 IST" skipped="0">
  <testcase classname="Cherpsystem.cherpsystem.SNUinvoiceratemaster" name="loginTest" time="39.434"/>
  <system-out/>
</testsuite> <!-- Cherpsystem.cherpsystem.SNUinvoiceratemaster -->
