<?xml version="1.0" encoding="UTF-8"?>
<!-- Generated by org.testng.reporters.JUnitReportReporter -->
<testsuite hostname="PANINI18" failures="0" tests="1" name="Cherpsystem.cherpsystem.MonthlyAccountBalanceReport" time="70.864" errors="0" timestamp="2025-03-06T15:05:03 IST" skipped="0">
  <testcase classname="Cherpsystem.cherpsystem.MonthlyAccountBalanceReport" name="loginTest" time="70.864"/>
  <system-out/>
</testsuite> <!-- Cherpsystem.cherpsystem.MonthlyAccountBalanceReport -->
