<?xml version="1.0" encoding="UTF-8"?>
<!-- Generated by org.testng.reporters.JUnitReportReporter -->
<testsuite hostname="PANINI18" failures="0" tests="3" name="Cherpsystem.cherpsystem.Cherplogin" time="42.844" errors="0" timestamp="2024-12-18T16:45:32 IST" skipped="0">
  <testcase classname="Cherpsystem.cherpsystem.Cherplogin" name="loginTest" time="31.425"/>
  <system-out/>
  <testcase classname="Cherpsystem.cherpsystem.Cherplogin" name="loginTest" time="5.555"/>
  <system-out/>
  <testcase classname="Cherpsystem.cherpsystem.Cherplogin" name="loginTest" time="5.864"/>
  <system-out/>
</testsuite> <!-- Cherpsystem.cherpsystem.Cherplogin -->
