<?xml version="1.0" encoding="UTF-8"?>
<!-- Generated by org.testng.reporters.JUnitReportReporter -->
<testsuite hostname="PANINI18" failures="0" tests="2" name="Cherpsystem.cherpsystem.Chathamreport" time="92.761" errors="0" timestamp="2025-02-18T15:05:25 IST" skipped="1">
  <testcase classname="Cherpsystem.cherpsystem.Chathamreport" name="chathamtablefuction" time="92.761"/>
  <system-out/>
  <testcase classname="Cherpsystem.cherpsystem.Chathamreport" name="loginTest">
    <skipped/>
  </testcase> <!-- loginTest -->
  <system-out/>
</testsuite> <!-- Cherpsystem.cherpsystem.Chathamreport -->
